INFO:root:{'droneId': 4, 'serialNumber': 'AAA_3000_ABC_VS-01', 'battery': 100, 'date': '2024-01-17 11:20:10.623180'}
INFO:root:{'droneId': 5, 'serialNumber': 'AAA_3000_ABC_VS-02', 'battery': 100, 'date': '2024-01-17 11:20:10.623180'}
INFO:root:{'droneId': 6, 'serialNumber': 'AAA_3000_ABC_VS-03', 'battery': 90, 'date': '2024-01-17 11:20:10.623180'}
INFO:root:{'droneId': 7, 'serialNumber': 'AAA_3000_ABC_VS-04', 'battery': 90, 'date': '2024-01-17 11:20:10.624151'}
INFO:root:{'droneId': 8, 'serialNumber': 'AAA_3000_ABC_VS-05', 'battery': 20, 'date': '2024-01-17 11:20:10.624151'}
INFO:root:{'droneId': 9, 'serialNumber': 'AAA_3000_ABC_VS-06', 'battery': 45, 'date': '2024-01-17 11:20:10.624151'}
INFO:root:{'droneId': 10, 'serialNumber': 'AAA_3000_ABC_VS-07', 'battery': 0, 'date': '2024-01-17 11:20:10.624151'}
INFO:root:{'droneId': 11, 'serialNumber': 'AAA_3000_ABC_VS-08', 'battery': 75, 'date': '2024-01-17 11:20:10.625149'}
INFO:root:{'droneId': 12, 'serialNumber': 'AAA_3000_ABC_VS-09', 'battery': 26, 'date': '2024-01-17 11:20:10.625149'}
INFO:root:{'droneId': 13, 'serialNumber': 'AAA_3000_ABC_VS-10', 'battery': 64, 'date': '2024-01-17 11:20:10.625149'}
INFO:root:{'droneId': 14, 'serialNumber': '10AAA_3000_ABC_VS-1010AAA_3000_ABC_VS-1010AAA_3000_ABC_VS-1010AAA_3000_ABC_VS-1010AAA_3000_ABC_VS-10', 'battery': 64, 'date': '2024-01-17 11:20:10.626147'}
INFO:root:{'droneId': 15, 'serialNumber': '10AAA_3000_ABC_VS-1010AAA_3000_ABC_VS-1010AAA_3000_ABC_VS-1010AAA_3000_ABC_VS-1010AAA_3000_ABC_VS-1', 'battery': 64, 'date': '2024-01-17 11:20:10.626147'}
INFO:root:{'droneId': 16, 'serialNumber': '10AAA_30', 'battery': 64, 'date': '2024-01-17 11:20:10.627142'}
INFO:root:{'droneId': 17, 'serialNumber': '10AAA9_30', 'battery': 64, 'date': '2024-01-17 11:20:10.627142'}
INFO:root:{'droneId': 18, 'serialNumber': '10AA0A9_30', 'battery': 64, 'date': '2024-01-17 11:20:10.627142'}
INFO:root:{'droneId': 19, 'serialNumber': '10AAa0A9_30', 'battery': 100, 'date': '2024-01-17 11:20:10.627142'}
INFO:root:{'droneId': 20, 'serialNumber': '10AAa0aA9_30', 'battery': 100, 'date': '2024-01-17 11:20:10.627142'}
WARNING:django.request:Not Found: /
ERROR:django.request:Internal Server Error: /check-drone-load
Traceback (most recent call last):
  File "C:\Users\Camilo\AppData\Roaming\Python\Python39\site-packages\rest_framework\parsers.py", line 65, in parse
    return json.load(decoded_stream, parse_constant=parse_constant)
  File "C:\Users\Camilo\AppData\Roaming\Python\Python39\site-packages\rest_framework\utils\json.py", line 31, in load
    return json.load(*args, **kwargs)
  File "C:\Program Files (x86)\Python39-32\lib\json\__init__.py", line 293, in load
    return loads(fp.read(),
  File "C:\Program Files (x86)\Python39-32\lib\json\__init__.py", line 359, in loads
    return cls(**kw).decode(s)
  File "C:\Program Files (x86)\Python39-32\lib\json\decoder.py", line 337, in decode
    obj, end = self.raw_decode(s, idx=_w(s, 0).end())
  File "C:\Program Files (x86)\Python39-32\lib\json\decoder.py", line 355, in raw_decode
    raise JSONDecodeError("Expecting value", s, err.value) from None
json.decoder.JSONDecodeError: Expecting value: line 1 column 1 (char 0)

During handling of the above exception, another exception occurred:

Traceback (most recent call last):
  File "C:\Users\Camilo\AppData\Roaming\Python\Python39\site-packages\django\core\handlers\exception.py", line 47, in inner
    response = get_response(request)
  File "C:\Users\Camilo\AppData\Roaming\Python\Python39\site-packages\django\core\handlers\base.py", line 181, in _get_response
    response = wrapped_callback(request, *callback_args, **callback_kwargs)
  File "C:\Users\Camilo\AppData\Roaming\Python\Python39\site-packages\django\views\decorators\csrf.py", line 54, in wrapped_view
    return view_func(*args, **kwargs)
  File "C:\Users\Camilo\Desktop\Python\musalaTest1\musalaTest\Api\views.py", line 17, in checkLoadDrone
    return checkLoad(request)
  File "C:\Users\Camilo\Desktop\Python\musalaTest1\musalaTest\Api\helper.py", line 231, in checkLoad
    data = JSONParser().parse(request)
  File "C:\Users\Camilo\AppData\Roaming\Python\Python39\site-packages\rest_framework\parsers.py", line 67, in parse
    raise ParseError('JSON parse error - %s' % str(exc))
rest_framework.exceptions.ParseError: JSON parse error - Expecting value: line 1 column 1 (char 0)
INFO:root:{'droneId': 4, 'serialNumber': 'AAA_3000_ABC_VS-01', 'battery': 100, 'date': '2024-01-17 11:30:10.643785'}
INFO:root:{'droneId': 5, 'serialNumber': 'AAA_3000_ABC_VS-02', 'battery': 100, 'date': '2024-01-17 11:30:10.643785'}
INFO:root:{'droneId': 6, 'serialNumber': 'AAA_3000_ABC_VS-03', 'battery': 90, 'date': '2024-01-17 11:30:10.643785'}
INFO:root:{'droneId': 7, 'serialNumber': 'AAA_3000_ABC_VS-04', 'battery': 90, 'date': '2024-01-17 11:30:10.643785'}
INFO:root:{'droneId': 8, 'serialNumber': 'AAA_3000_ABC_VS-05', 'battery': 20, 'date': '2024-01-17 11:30:10.644751'}
INFO:root:{'droneId': 9, 'serialNumber': 'AAA_3000_ABC_VS-06', 'battery': 45, 'date': '2024-01-17 11:30:10.644751'}
INFO:root:{'droneId': 10, 'serialNumber': 'AAA_3000_ABC_VS-07', 'battery': 0, 'date': '2024-01-17 11:30:10.644751'}
INFO:root:{'droneId': 11, 'serialNumber': 'AAA_3000_ABC_VS-08', 'battery': 75, 'date': '2024-01-17 11:30:10.644751'}
INFO:root:{'droneId': 12, 'serialNumber': 'AAA_3000_ABC_VS-09', 'battery': 26, 'date': '2024-01-17 11:30:10.644751'}
INFO:root:{'droneId': 13, 'serialNumber': 'AAA_3000_ABC_VS-10', 'battery': 64, 'date': '2024-01-17 11:30:10.644751'}
INFO:root:{'droneId': 14, 'serialNumber': '10AAA_3000_ABC_VS-1010AAA_3000_ABC_VS-1010AAA_3000_ABC_VS-1010AAA_3000_ABC_VS-1010AAA_3000_ABC_VS-10', 'battery': 64, 'date': '2024-01-17 11:30:10.644751'}
INFO:root:{'droneId': 15, 'serialNumber': '10AAA_3000_ABC_VS-1010AAA_3000_ABC_VS-1010AAA_3000_ABC_VS-1010AAA_3000_ABC_VS-1010AAA_3000_ABC_VS-1', 'battery': 64, 'date': '2024-01-17 11:30:10.644751'}
INFO:root:{'droneId': 16, 'serialNumber': '10AAA_30', 'battery': 64, 'date': '2024-01-17 11:30:10.644751'}
INFO:root:{'droneId': 17, 'serialNumber': '10AAA9_30', 'battery': 64, 'date': '2024-01-17 11:30:10.645769'}
INFO:root:{'droneId': 18, 'serialNumber': '10AA0A9_30', 'battery': 64, 'date': '2024-01-17 11:30:10.645769'}
INFO:root:{'droneId': 19, 'serialNumber': '10AAa0A9_30', 'battery': 100, 'date': '2024-01-17 11:30:10.645769'}
INFO:root:{'droneId': 20, 'serialNumber': '10AAa0aA9_30', 'battery': 100, 'date': '2024-01-17 11:30:10.645769'}
INFO:root:{'droneId': 4, 'serialNumber': 'AAA_3000_ABC_VS-01', 'battery': 100, 'date': '2024-01-17 11:40:10.663455'}
INFO:root:{'droneId': 5, 'serialNumber': 'AAA_3000_ABC_VS-02', 'battery': 100, 'date': '2024-01-17 11:40:10.664445'}
INFO:root:{'droneId': 6, 'serialNumber': 'AAA_3000_ABC_VS-03', 'battery': 90, 'date': '2024-01-17 11:40:10.664445'}
INFO:root:{'droneId': 7, 'serialNumber': 'AAA_3000_ABC_VS-04', 'battery': 90, 'date': '2024-01-17 11:40:10.664445'}
INFO:root:{'droneId': 8, 'serialNumber': 'AAA_3000_ABC_VS-05', 'battery': 20, 'date': '2024-01-17 11:40:10.664445'}
INFO:root:{'droneId': 9, 'serialNumber': 'AAA_3000_ABC_VS-06', 'battery': 45, 'date': '2024-01-17 11:40:10.664445'}
INFO:root:{'droneId': 10, 'serialNumber': 'AAA_3000_ABC_VS-07', 'battery': 0, 'date': '2024-01-17 11:40:10.664445'}
INFO:root:{'droneId': 11, 'serialNumber': 'AAA_3000_ABC_VS-08', 'battery': 75, 'date': '2024-01-17 11:40:10.664445'}
INFO:root:{'droneId': 12, 'serialNumber': 'AAA_3000_ABC_VS-09', 'battery': 26, 'date': '2024-01-17 11:40:10.664445'}
INFO:root:{'droneId': 13, 'serialNumber': 'AAA_3000_ABC_VS-10', 'battery': 64, 'date': '2024-01-17 11:40:10.664445'}
INFO:root:{'droneId': 14, 'serialNumber': '10AAA_3000_ABC_VS-1010AAA_3000_ABC_VS-1010AAA_3000_ABC_VS-1010AAA_3000_ABC_VS-1010AAA_3000_ABC_VS-10', 'battery': 64, 'date': '2024-01-17 11:40:10.665442'}
INFO:root:{'droneId': 15, 'serialNumber': '10AAA_3000_ABC_VS-1010AAA_3000_ABC_VS-1010AAA_3000_ABC_VS-1010AAA_3000_ABC_VS-1010AAA_3000_ABC_VS-1', 'battery': 64, 'date': '2024-01-17 11:40:10.665442'}
INFO:root:{'droneId': 16, 'serialNumber': '10AAA_30', 'battery': 64, 'date': '2024-01-17 11:40:10.665442'}
INFO:root:{'droneId': 17, 'serialNumber': '10AAA9_30', 'battery': 64, 'date': '2024-01-17 11:40:10.665442'}
INFO:root:{'droneId': 18, 'serialNumber': '10AA0A9_30', 'battery': 64, 'date': '2024-01-17 11:40:10.665442'}
INFO:root:{'droneId': 19, 'serialNumber': '10AAa0A9_30', 'battery': 100, 'date': '2024-01-17 11:40:10.665442'}
INFO:root:{'droneId': 20, 'serialNumber': '10AAa0aA9_30', 'battery': 100, 'date': '2024-01-17 11:40:10.665442'}
INFO:root:{'droneId': 4, 'serialNumber': 'AAA_3000_ABC_VS-01', 'battery': 100, 'date': '2024-01-17 11:50:10.678128'}
INFO:root:{'droneId': 5, 'serialNumber': 'AAA_3000_ABC_VS-02', 'battery': 100, 'date': '2024-01-17 11:50:10.678128'}
INFO:root:{'droneId': 6, 'serialNumber': 'AAA_3000_ABC_VS-03', 'battery': 90, 'date': '2024-01-17 11:50:10.679126'}
INFO:root:{'droneId': 7, 'serialNumber': 'AAA_3000_ABC_VS-04', 'battery': 90, 'date': '2024-01-17 11:50:10.679126'}
INFO:root:{'droneId': 8, 'serialNumber': 'AAA_3000_ABC_VS-05', 'battery': 20, 'date': '2024-01-17 11:50:10.679126'}
INFO:root:{'droneId': 9, 'serialNumber': 'AAA_3000_ABC_VS-06', 'battery': 45, 'date': '2024-01-17 11:50:10.680123'}
INFO:root:{'droneId': 10, 'serialNumber': 'AAA_3000_ABC_VS-07', 'battery': 0, 'date': '2024-01-17 11:50:10.680123'}
INFO:root:{'droneId': 11, 'serialNumber': 'AAA_3000_ABC_VS-08', 'battery': 75, 'date': '2024-01-17 11:50:10.680123'}
INFO:root:{'droneId': 12, 'serialNumber': 'AAA_3000_ABC_VS-09', 'battery': 26, 'date': '2024-01-17 11:50:10.680123'}
INFO:root:{'droneId': 13, 'serialNumber': 'AAA_3000_ABC_VS-10', 'battery': 64, 'date': '2024-01-17 11:50:10.680123'}
INFO:root:{'droneId': 14, 'serialNumber': '10AAA_3000_ABC_VS-1010AAA_3000_ABC_VS-1010AAA_3000_ABC_VS-1010AAA_3000_ABC_VS-1010AAA_3000_ABC_VS-10', 'battery': 64, 'date': '2024-01-17 11:50:10.681120'}
INFO:root:{'droneId': 15, 'serialNumber': '10AAA_3000_ABC_VS-1010AAA_3000_ABC_VS-1010AAA_3000_ABC_VS-1010AAA_3000_ABC_VS-1010AAA_3000_ABC_VS-1', 'battery': 64, 'date': '2024-01-17 11:50:10.681120'}
INFO:root:{'droneId': 16, 'serialNumber': '10AAA_30', 'battery': 64, 'date': '2024-01-17 11:50:10.681120'}
INFO:root:{'droneId': 17, 'serialNumber': '10AAA9_30', 'battery': 64, 'date': '2024-01-17 11:50:10.681120'}
INFO:root:{'droneId': 18, 'serialNumber': '10AA0A9_30', 'battery': 64, 'date': '2024-01-17 11:50:10.681120'}
INFO:root:{'droneId': 19, 'serialNumber': '10AAa0A9_30', 'battery': 100, 'date': '2024-01-17 11:50:10.681120'}
INFO:root:{'droneId': 20, 'serialNumber': '10AAa0aA9_30', 'battery': 100, 'date': '2024-01-17 11:50:10.681120'}
INFO:root:{'droneId': 4, 'serialNumber': 'AAA_3000_ABC_VS-01', 'battery': 100, 'date': '2024-01-17 12:50:07.207295'}
INFO:root:{'droneId': 5, 'serialNumber': 'AAA_3000_ABC_VS-02', 'battery': 100, 'date': '2024-01-17 12:50:07.208292'}
INFO:root:{'droneId': 6, 'serialNumber': 'AAA_3000_ABC_VS-03', 'battery': 90, 'date': '2024-01-17 12:50:07.208292'}
INFO:root:{'droneId': 7, 'serialNumber': 'AAA_3000_ABC_VS-04', 'battery': 90, 'date': '2024-01-17 12:50:07.208292'}
INFO:root:{'droneId': 8, 'serialNumber': 'AAA_3000_ABC_VS-05', 'battery': 20, 'date': '2024-01-17 12:50:07.208292'}
INFO:root:{'droneId': 9, 'serialNumber': 'AAA_3000_ABC_VS-06', 'battery': 45, 'date': '2024-01-17 12:50:07.208292'}
INFO:root:{'droneId': 10, 'serialNumber': 'AAA_3000_ABC_VS-07', 'battery': 0, 'date': '2024-01-17 12:50:07.208292'}
INFO:root:{'droneId': 11, 'serialNumber': 'AAA_3000_ABC_VS-08', 'battery': 75, 'date': '2024-01-17 12:50:07.208292'}
INFO:root:{'droneId': 12, 'serialNumber': 'AAA_3000_ABC_VS-09', 'battery': 26, 'date': '2024-01-17 12:50:07.208292'}
INFO:root:{'droneId': 13, 'serialNumber': 'AAA_3000_ABC_VS-10', 'battery': 64, 'date': '2024-01-17 12:50:07.208292'}
INFO:root:{'droneId': 14, 'serialNumber': '10AAA_3000_ABC_VS-1010AAA_3000_ABC_VS-1010AAA_3000_ABC_VS-1010AAA_3000_ABC_VS-1010AAA_3000_ABC_VS-10', 'battery': 64, 'date': '2024-01-17 12:50:07.208292'}
INFO:root:{'droneId': 15, 'serialNumber': '10AAA_3000_ABC_VS-1010AAA_3000_ABC_VS-1010AAA_3000_ABC_VS-1010AAA_3000_ABC_VS-1010AAA_3000_ABC_VS-1', 'battery': 64, 'date': '2024-01-17 12:50:07.208292'}
INFO:root:{'droneId': 16, 'serialNumber': '10AAA_30', 'battery': 64, 'date': '2024-01-17 12:50:07.208292'}
INFO:root:{'droneId': 17, 'serialNumber': '10AAA9_30', 'battery': 64, 'date': '2024-01-17 12:50:07.208292'}
INFO:root:{'droneId': 18, 'serialNumber': '10AA0A9_30', 'battery': 64, 'date': '2024-01-17 12:50:07.208292'}
INFO:root:{'droneId': 19, 'serialNumber': '10AAa0A9_30', 'battery': 100, 'date': '2024-01-17 12:50:07.209290'}
INFO:root:{'droneId': 20, 'serialNumber': '10AAa0aA9_30', 'battery': 100, 'date': '2024-01-17 12:50:07.209290'}
INFO:root:{'droneId': 4, 'serialNumber': 'AAA_3000_ABC_VS-01', 'battery': 100, 'date': '2024-01-17 12:51:02.386705'}
INFO:root:{'droneId': 5, 'serialNumber': 'AAA_3000_ABC_VS-02', 'battery': 100, 'date': '2024-01-17 12:51:02.386705'}
INFO:root:{'droneId': 6, 'serialNumber': 'AAA_3000_ABC_VS-03', 'battery': 90, 'date': '2024-01-17 12:51:02.386705'}
INFO:root:{'droneId': 7, 'serialNumber': 'AAA_3000_ABC_VS-04', 'battery': 90, 'date': '2024-01-17 12:51:02.386705'}
INFO:root:{'droneId': 8, 'serialNumber': 'AAA_3000_ABC_VS-05', 'battery': 20, 'date': '2024-01-17 12:51:02.386705'}
INFO:root:{'droneId': 9, 'serialNumber': 'AAA_3000_ABC_VS-06', 'battery': 45, 'date': '2024-01-17 12:51:02.387736'}
INFO:root:{'droneId': 10, 'serialNumber': 'AAA_3000_ABC_VS-07', 'battery': 0, 'date': '2024-01-17 12:51:02.387736'}
INFO:root:{'droneId': 11, 'serialNumber': 'AAA_3000_ABC_VS-08', 'battery': 75, 'date': '2024-01-17 12:51:02.388700'}
INFO:root:{'droneId': 12, 'serialNumber': 'AAA_3000_ABC_VS-09', 'battery': 26, 'date': '2024-01-17 12:51:02.388700'}
INFO:root:{'droneId': 13, 'serialNumber': 'AAA_3000_ABC_VS-10', 'battery': 64, 'date': '2024-01-17 12:51:02.388700'}
INFO:root:{'droneId': 14, 'serialNumber': '10AAA_3000_ABC_VS-1010AAA_3000_ABC_VS-1010AAA_3000_ABC_VS-1010AAA_3000_ABC_VS-1010AAA_3000_ABC_VS-10', 'battery': 64, 'date': '2024-01-17 12:51:02.388700'}
INFO:root:{'droneId': 15, 'serialNumber': '10AAA_3000_ABC_VS-1010AAA_3000_ABC_VS-1010AAA_3000_ABC_VS-1010AAA_3000_ABC_VS-1010AAA_3000_ABC_VS-1', 'battery': 64, 'date': '2024-01-17 12:51:02.388700'}
INFO:root:{'droneId': 16, 'serialNumber': '10AAA_30', 'battery': 64, 'date': '2024-01-17 12:51:02.388700'}
INFO:root:{'droneId': 17, 'serialNumber': '10AAA9_30', 'battery': 64, 'date': '2024-01-17 12:51:02.388700'}
INFO:root:{'droneId': 18, 'serialNumber': '10AA0A9_30', 'battery': 64, 'date': '2024-01-17 12:51:02.388700'}
INFO:root:{'droneId': 19, 'serialNumber': '10AAa0A9_30', 'battery': 100, 'date': '2024-01-17 12:51:02.388700'}
INFO:root:{'droneId': 20, 'serialNumber': '10AAa0aA9_30', 'battery': 100, 'date': '2024-01-17 12:51:02.389697'}
INFO:root:{'droneId': 4, 'serialNumber': 'AAA_3000_ABC_VS-01', 'battery': 100, 'date': '2024-01-17 12:51:22.186108'}
INFO:root:{'droneId': 5, 'serialNumber': 'AAA_3000_ABC_VS-02', 'battery': 100, 'date': '2024-01-17 12:51:22.186108'}
INFO:root:{'droneId': 6, 'serialNumber': 'AAA_3000_ABC_VS-03', 'battery': 90, 'date': '2024-01-17 12:51:22.187073'}
INFO:root:{'droneId': 7, 'serialNumber': 'AAA_3000_ABC_VS-04', 'battery': 90, 'date': '2024-01-17 12:51:22.187073'}
INFO:root:{'droneId': 8, 'serialNumber': 'AAA_3000_ABC_VS-05', 'battery': 20, 'date': '2024-01-17 12:51:22.187073'}
INFO:root:{'droneId': 9, 'serialNumber': 'AAA_3000_ABC_VS-06', 'battery': 45, 'date': '2024-01-17 12:51:22.187073'}
INFO:root:{'droneId': 10, 'serialNumber': 'AAA_3000_ABC_VS-07', 'battery': 0, 'date': '2024-01-17 12:51:22.187073'}
INFO:root:{'droneId': 11, 'serialNumber': 'AAA_3000_ABC_VS-08', 'battery': 75, 'date': '2024-01-17 12:51:22.187073'}
INFO:root:{'droneId': 12, 'serialNumber': 'AAA_3000_ABC_VS-09', 'battery': 26, 'date': '2024-01-17 12:51:22.187073'}
INFO:root:{'droneId': 13, 'serialNumber': 'AAA_3000_ABC_VS-10', 'battery': 64, 'date': '2024-01-17 12:51:22.187073'}
INFO:root:{'droneId': 14, 'serialNumber': '10AAA_3000_ABC_VS-1010AAA_3000_ABC_VS-1010AAA_3000_ABC_VS-1010AAA_3000_ABC_VS-1010AAA_3000_ABC_VS-10', 'battery': 64, 'date': '2024-01-17 12:51:22.188070'}
INFO:root:{'droneId': 15, 'serialNumber': '10AAA_3000_ABC_VS-1010AAA_3000_ABC_VS-1010AAA_3000_ABC_VS-1010AAA_3000_ABC_VS-1010AAA_3000_ABC_VS-1', 'battery': 64, 'date': '2024-01-17 12:51:22.188070'}
INFO:root:{'droneId': 16, 'serialNumber': '10AAA_30', 'battery': 64, 'date': '2024-01-17 12:51:22.188070'}
INFO:root:{'droneId': 17, 'serialNumber': '10AAA9_30', 'battery': 64, 'date': '2024-01-17 12:51:22.188070'}
INFO:root:{'droneId': 18, 'serialNumber': '10AA0A9_30', 'battery': 64, 'date': '2024-01-17 12:51:22.188070'}
INFO:root:{'droneId': 19, 'serialNumber': '10AAa0A9_30', 'battery': 100, 'date': '2024-01-17 12:51:22.188070'}
INFO:root:{'droneId': 20, 'serialNumber': '10AAa0aA9_30', 'battery': 100, 'date': '2024-01-17 12:51:22.188070'}
WARNING:django.request:Not Found: /
WARNING:django.request:Not Found: /favicon.ico
INFO:django.utils.autoreload:C:\Users\Camilo\Desktop\Python\musalaTest1\musalaTest\Api\models.py changed, reloading.
INFO:root:{'droneId': 4, 'serialNumber': 'AAA_3000_ABC_VS-01', 'battery': 100, 'date': '2024-01-17 12:56:49.507536'}
INFO:root:{'droneId': 5, 'serialNumber': 'AAA_3000_ABC_VS-02', 'battery': 100, 'date': '2024-01-17 12:56:49.508533'}
INFO:root:{'droneId': 6, 'serialNumber': 'AAA_3000_ABC_VS-03', 'battery': 90, 'date': '2024-01-17 12:56:49.508533'}
INFO:root:{'droneId': 7, 'serialNumber': 'AAA_3000_ABC_VS-04', 'battery': 90, 'date': '2024-01-17 12:56:49.509538'}
INFO:root:{'droneId': 8, 'serialNumber': 'AAA_3000_ABC_VS-05', 'battery': 20, 'date': '2024-01-17 12:56:49.509538'}
INFO:root:{'droneId': 9, 'serialNumber': 'AAA_3000_ABC_VS-06', 'battery': 45, 'date': '2024-01-17 12:56:49.509538'}
INFO:root:{'droneId': 10, 'serialNumber': 'AAA_3000_ABC_VS-07', 'battery': 0, 'date': '2024-01-17 12:56:49.509538'}
INFO:root:{'droneId': 11, 'serialNumber': 'AAA_3000_ABC_VS-08', 'battery': 75, 'date': '2024-01-17 12:56:49.509538'}
INFO:root:{'droneId': 12, 'serialNumber': 'AAA_3000_ABC_VS-09', 'battery': 26, 'date': '2024-01-17 12:56:49.509538'}
INFO:root:{'droneId': 13, 'serialNumber': 'AAA_3000_ABC_VS-10', 'battery': 64, 'date': '2024-01-17 12:56:49.509538'}
INFO:root:{'droneId': 14, 'serialNumber': '10AAA_3000_ABC_VS-1010AAA_3000_ABC_VS-1010AAA_3000_ABC_VS-1010AAA_3000_ABC_VS-1010AAA_3000_ABC_VS-10', 'battery': 64, 'date': '2024-01-17 12:56:49.509538'}
INFO:root:{'droneId': 15, 'serialNumber': '10AAA_3000_ABC_VS-1010AAA_3000_ABC_VS-1010AAA_3000_ABC_VS-1010AAA_3000_ABC_VS-1010AAA_3000_ABC_VS-1', 'battery': 64, 'date': '2024-01-17 12:56:49.510527'}
INFO:root:{'droneId': 16, 'serialNumber': '10AAA_30', 'battery': 64, 'date': '2024-01-17 12:56:49.510527'}
INFO:root:{'droneId': 17, 'serialNumber': '10AAA9_30', 'battery': 64, 'date': '2024-01-17 12:56:49.510527'}
INFO:root:{'droneId': 18, 'serialNumber': '10AA0A9_30', 'battery': 64, 'date': '2024-01-17 12:56:49.510527'}
INFO:root:{'droneId': 19, 'serialNumber': '10AAa0A9_30', 'battery': 100, 'date': '2024-01-17 12:56:49.510527'}
INFO:root:{'droneId': 20, 'serialNumber': '10AAa0aA9_30', 'battery': 100, 'date': '2024-01-17 12:56:49.510527'}
INFO:django.utils.autoreload:C:\Users\Camilo\Desktop\Python\musalaTest1\musalaTest\Api\models.py changed, reloading.
INFO:root:{'droneId': 4, 'serialNumber': 'AAA_3000_ABC_VS-01', 'battery': 100, 'date': '2024-01-17 12:57:34.301960'}
INFO:root:{'droneId': 5, 'serialNumber': 'AAA_3000_ABC_VS-02', 'battery': 100, 'date': '2024-01-17 12:57:34.301960'}
INFO:root:{'droneId': 6, 'serialNumber': 'AAA_3000_ABC_VS-03', 'battery': 90, 'date': '2024-01-17 12:57:34.302926'}
INFO:root:{'droneId': 7, 'serialNumber': 'AAA_3000_ABC_VS-04', 'battery': 90, 'date': '2024-01-17 12:57:34.302926'}
INFO:root:{'droneId': 8, 'serialNumber': 'AAA_3000_ABC_VS-05', 'battery': 20, 'date': '2024-01-17 12:57:34.302926'}
INFO:root:{'droneId': 9, 'serialNumber': 'AAA_3000_ABC_VS-06', 'battery': 45, 'date': '2024-01-17 12:57:34.302926'}
INFO:root:{'droneId': 10, 'serialNumber': 'AAA_3000_ABC_VS-07', 'battery': 0, 'date': '2024-01-17 12:57:34.302926'}
INFO:root:{'droneId': 11, 'serialNumber': 'AAA_3000_ABC_VS-08', 'battery': 75, 'date': '2024-01-17 12:57:34.302926'}
INFO:root:{'droneId': 12, 'serialNumber': 'AAA_3000_ABC_VS-09', 'battery': 26, 'date': '2024-01-17 12:57:34.303921'}
INFO:root:{'droneId': 13, 'serialNumber': 'AAA_3000_ABC_VS-10', 'battery': 64, 'date': '2024-01-17 12:57:34.303921'}
INFO:root:{'droneId': 14, 'serialNumber': '10AAA_3000_ABC_VS-1010AAA_3000_ABC_VS-1010AAA_3000_ABC_VS-1010AAA_3000_ABC_VS-1010AAA_3000_ABC_VS-10', 'battery': 64, 'date': '2024-01-17 12:57:34.303921'}
INFO:root:{'droneId': 15, 'serialNumber': '10AAA_3000_ABC_VS-1010AAA_3000_ABC_VS-1010AAA_3000_ABC_VS-1010AAA_3000_ABC_VS-1010AAA_3000_ABC_VS-1', 'battery': 64, 'date': '2024-01-17 12:57:34.303921'}
INFO:root:{'droneId': 16, 'serialNumber': '10AAA_30', 'battery': 64, 'date': '2024-01-17 12:57:34.304918'}
INFO:root:{'droneId': 17, 'serialNumber': '10AAA9_30', 'battery': 64, 'date': '2024-01-17 12:57:34.304918'}
INFO:root:{'droneId': 18, 'serialNumber': '10AA0A9_30', 'battery': 64, 'date': '2024-01-17 12:57:34.304918'}
INFO:root:{'droneId': 19, 'serialNumber': '10AAa0A9_30', 'battery': 100, 'date': '2024-01-17 12:57:34.304918'}
INFO:root:{'droneId': 20, 'serialNumber': '10AAa0aA9_30', 'battery': 100, 'date': '2024-01-17 12:57:34.305916'}
INFO:django.utils.autoreload:C:\Users\Camilo\Desktop\Python\musalaTest1\musalaTest\Api\models.py changed, reloading.
INFO:root:{'droneId': 4, 'serialNumber': 'AAA_3000_ABC_VS-01', 'battery': 100, 'date': '2024-01-17 12:59:09.751805'}
INFO:root:{'droneId': 5, 'serialNumber': 'AAA_3000_ABC_VS-02', 'battery': 100, 'date': '2024-01-17 12:59:09.751805'}
INFO:root:{'droneId': 6, 'serialNumber': 'AAA_3000_ABC_VS-03', 'battery': 90, 'date': '2024-01-17 12:59:09.751805'}
INFO:root:{'droneId': 7, 'serialNumber': 'AAA_3000_ABC_VS-04', 'battery': 90, 'date': '2024-01-17 12:59:09.752766'}
INFO:root:{'droneId': 8, 'serialNumber': 'AAA_3000_ABC_VS-05', 'battery': 20, 'date': '2024-01-17 12:59:09.752766'}
INFO:root:{'droneId': 9, 'serialNumber': 'AAA_3000_ABC_VS-06', 'battery': 45, 'date': '2024-01-17 12:59:09.752766'}
INFO:root:{'droneId': 10, 'serialNumber': 'AAA_3000_ABC_VS-07', 'battery': 0, 'date': '2024-01-17 12:59:09.752766'}
INFO:root:{'droneId': 11, 'serialNumber': 'AAA_3000_ABC_VS-08', 'battery': 75, 'date': '2024-01-17 12:59:09.752766'}
INFO:root:{'droneId': 12, 'serialNumber': 'AAA_3000_ABC_VS-09', 'battery': 26, 'date': '2024-01-17 12:59:09.752766'}
INFO:root:{'droneId': 13, 'serialNumber': 'AAA_3000_ABC_VS-10', 'battery': 64, 'date': '2024-01-17 12:59:09.752766'}
INFO:root:{'droneId': 14, 'serialNumber': '10AAA_3000_ABC_VS-1010AAA_3000_ABC_VS-1010AAA_3000_ABC_VS-1010AAA_3000_ABC_VS-1010AAA_3000_ABC_VS-10', 'battery': 64, 'date': '2024-01-17 12:59:09.752766'}
INFO:root:{'droneId': 15, 'serialNumber': '10AAA_3000_ABC_VS-1010AAA_3000_ABC_VS-1010AAA_3000_ABC_VS-1010AAA_3000_ABC_VS-1010AAA_3000_ABC_VS-1', 'battery': 64, 'date': '2024-01-17 12:59:09.753764'}
INFO:root:{'droneId': 16, 'serialNumber': '10AAA_30', 'battery': 64, 'date': '2024-01-17 12:59:09.753764'}
INFO:root:{'droneId': 17, 'serialNumber': '10AAA9_30', 'battery': 64, 'date': '2024-01-17 12:59:09.753764'}
INFO:root:{'droneId': 18, 'serialNumber': '10AA0A9_30', 'battery': 64, 'date': '2024-01-17 12:59:09.753764'}
INFO:root:{'droneId': 19, 'serialNumber': '10AAa0A9_30', 'battery': 100, 'date': '2024-01-17 12:59:09.753764'}
INFO:root:{'droneId': 20, 'serialNumber': '10AAa0aA9_30', 'battery': 100, 'date': '2024-01-17 12:59:09.753764'}
INFO:root:{'droneId': 4, 'serialNumber': 'AAA_3000_ABC_VS-01', 'battery': 100, 'date': '2024-01-17 13:09:09.759196'}
INFO:root:{'droneId': 5, 'serialNumber': 'AAA_3000_ABC_VS-02', 'battery': 100, 'date': '2024-01-17 13:09:09.759196'}
INFO:root:{'droneId': 6, 'serialNumber': 'AAA_3000_ABC_VS-03', 'battery': 90, 'date': '2024-01-17 13:09:09.759196'}
INFO:root:{'droneId': 7, 'serialNumber': 'AAA_3000_ABC_VS-04', 'battery': 90, 'date': '2024-01-17 13:09:09.760194'}
INFO:root:{'droneId': 8, 'serialNumber': 'AAA_3000_ABC_VS-05', 'battery': 20, 'date': '2024-01-17 13:09:09.760194'}
INFO:root:{'droneId': 9, 'serialNumber': 'AAA_3000_ABC_VS-06', 'battery': 45, 'date': '2024-01-17 13:09:09.760194'}
INFO:root:{'droneId': 10, 'serialNumber': 'AAA_3000_ABC_VS-07', 'battery': 0, 'date': '2024-01-17 13:09:09.760194'}
INFO:root:{'droneId': 11, 'serialNumber': 'AAA_3000_ABC_VS-08', 'battery': 75, 'date': '2024-01-17 13:09:09.760194'}
INFO:root:{'droneId': 12, 'serialNumber': 'AAA_3000_ABC_VS-09', 'battery': 26, 'date': '2024-01-17 13:09:09.760194'}
INFO:root:{'droneId': 13, 'serialNumber': 'AAA_3000_ABC_VS-10', 'battery': 64, 'date': '2024-01-17 13:09:09.761191'}
INFO:root:{'droneId': 14, 'serialNumber': '10AAA_3000_ABC_VS-1010AAA_3000_ABC_VS-1010AAA_3000_ABC_VS-1010AAA_3000_ABC_VS-1010AAA_3000_ABC_VS-10', 'battery': 64, 'date': '2024-01-17 13:09:09.761191'}
INFO:root:{'droneId': 15, 'serialNumber': '10AAA_3000_ABC_VS-1010AAA_3000_ABC_VS-1010AAA_3000_ABC_VS-1010AAA_3000_ABC_VS-1010AAA_3000_ABC_VS-1', 'battery': 64, 'date': '2024-01-17 13:09:09.761191'}
INFO:root:{'droneId': 16, 'serialNumber': '10AAA_30', 'battery': 64, 'date': '2024-01-17 13:09:09.761191'}
INFO:root:{'droneId': 17, 'serialNumber': '10AAA9_30', 'battery': 64, 'date': '2024-01-17 13:09:09.761191'}
INFO:root:{'droneId': 18, 'serialNumber': '10AA0A9_30', 'battery': 64, 'date': '2024-01-17 13:09:09.761191'}
INFO:root:{'droneId': 19, 'serialNumber': '10AAa0A9_30', 'battery': 100, 'date': '2024-01-17 13:09:09.761191'}
INFO:root:{'droneId': 20, 'serialNumber': '10AAa0aA9_30', 'battery': 100, 'date': '2024-01-17 13:09:09.762188'}
INFO:root:{'droneId': 4, 'serialNumber': 'AAA_3000_ABC_VS-01', 'battery': 100, 'date': '2024-01-17 13:19:09.779417'}
INFO:root:{'droneId': 5, 'serialNumber': 'AAA_3000_ABC_VS-02', 'battery': 100, 'date': '2024-01-17 13:19:09.779417'}
INFO:root:{'droneId': 6, 'serialNumber': 'AAA_3000_ABC_VS-03', 'battery': 90, 'date': '2024-01-17 13:19:09.780416'}
INFO:root:{'droneId': 7, 'serialNumber': 'AAA_3000_ABC_VS-04', 'battery': 90, 'date': '2024-01-17 13:19:09.780416'}
INFO:root:{'droneId': 8, 'serialNumber': 'AAA_3000_ABC_VS-05', 'battery': 20, 'date': '2024-01-17 13:19:09.780416'}
INFO:root:{'droneId': 9, 'serialNumber': 'AAA_3000_ABC_VS-06', 'battery': 45, 'date': '2024-01-17 13:19:09.780416'}
INFO:root:{'droneId': 10, 'serialNumber': 'AAA_3000_ABC_VS-07', 'battery': 0, 'date': '2024-01-17 13:19:09.781424'}
INFO:root:{'droneId': 11, 'serialNumber': 'AAA_3000_ABC_VS-08', 'battery': 75, 'date': '2024-01-17 13:19:09.781424'}
INFO:root:{'droneId': 12, 'serialNumber': 'AAA_3000_ABC_VS-09', 'battery': 26, 'date': '2024-01-17 13:19:09.781424'}
INFO:root:{'droneId': 13, 'serialNumber': 'AAA_3000_ABC_VS-10', 'battery': 64, 'date': '2024-01-17 13:19:09.781424'}
INFO:root:{'droneId': 14, 'serialNumber': '10AAA_3000_ABC_VS-1010AAA_3000_ABC_VS-1010AAA_3000_ABC_VS-1010AAA_3000_ABC_VS-1010AAA_3000_ABC_VS-10', 'battery': 64, 'date': '2024-01-17 13:19:09.782420'}
INFO:root:{'droneId': 15, 'serialNumber': '10AAA_3000_ABC_VS-1010AAA_3000_ABC_VS-1010AAA_3000_ABC_VS-1010AAA_3000_ABC_VS-1010AAA_3000_ABC_VS-1', 'battery': 64, 'date': '2024-01-17 13:19:09.782420'}
INFO:root:{'droneId': 16, 'serialNumber': '10AAA_30', 'battery': 64, 'date': '2024-01-17 13:19:09.782420'}
INFO:root:{'droneId': 17, 'serialNumber': '10AAA9_30', 'battery': 64, 'date': '2024-01-17 13:19:09.782420'}
INFO:root:{'droneId': 18, 'serialNumber': '10AA0A9_30', 'battery': 64, 'date': '2024-01-17 13:19:09.782420'}
INFO:root:{'droneId': 19, 'serialNumber': '10AAa0A9_30', 'battery': 100, 'date': '2024-01-17 13:19:09.783415'}
INFO:root:{'droneId': 20, 'serialNumber': '10AAa0aA9_30', 'battery': 100, 'date': '2024-01-17 13:19:09.783415'}
INFO:root:{'droneId': 4, 'serialNumber': 'AAA_3000_ABC_VS-01', 'battery': 100, 'date': '2024-01-17 13:29:09.798357'}
INFO:root:{'droneId': 5, 'serialNumber': 'AAA_3000_ABC_VS-02', 'battery': 100, 'date': '2024-01-17 13:29:09.799354'}
INFO:root:{'droneId': 6, 'serialNumber': 'AAA_3000_ABC_VS-03', 'battery': 90, 'date': '2024-01-17 13:29:09.799354'}
INFO:root:{'droneId': 7, 'serialNumber': 'AAA_3000_ABC_VS-04', 'battery': 90, 'date': '2024-01-17 13:29:09.799354'}
INFO:root:{'droneId': 8, 'serialNumber': 'AAA_3000_ABC_VS-05', 'battery': 20, 'date': '2024-01-17 13:29:09.800351'}
INFO:root:{'droneId': 9, 'serialNumber': 'AAA_3000_ABC_VS-06', 'battery': 45, 'date': '2024-01-17 13:29:09.800351'}
INFO:root:{'droneId': 10, 'serialNumber': 'AAA_3000_ABC_VS-07', 'battery': 0, 'date': '2024-01-17 13:29:09.800351'}
INFO:root:{'droneId': 11, 'serialNumber': 'AAA_3000_ABC_VS-08', 'battery': 75, 'date': '2024-01-17 13:29:09.800351'}
INFO:root:{'droneId': 12, 'serialNumber': 'AAA_3000_ABC_VS-09', 'battery': 26, 'date': '2024-01-17 13:29:09.801349'}
INFO:root:{'droneId': 13, 'serialNumber': 'AAA_3000_ABC_VS-10', 'battery': 64, 'date': '2024-01-17 13:29:09.801349'}
INFO:root:{'droneId': 14, 'serialNumber': '10AAA_3000_ABC_VS-1010AAA_3000_ABC_VS-1010AAA_3000_ABC_VS-1010AAA_3000_ABC_VS-1010AAA_3000_ABC_VS-10', 'battery': 64, 'date': '2024-01-17 13:29:09.801349'}
INFO:root:{'droneId': 15, 'serialNumber': '10AAA_3000_ABC_VS-1010AAA_3000_ABC_VS-1010AAA_3000_ABC_VS-1010AAA_3000_ABC_VS-1010AAA_3000_ABC_VS-1', 'battery': 64, 'date': '2024-01-17 13:29:09.801349'}
INFO:root:{'droneId': 16, 'serialNumber': '10AAA_30', 'battery': 64, 'date': '2024-01-17 13:29:09.801349'}
INFO:root:{'droneId': 17, 'serialNumber': '10AAA9_30', 'battery': 64, 'date': '2024-01-17 13:29:09.801349'}
INFO:root:{'droneId': 18, 'serialNumber': '10AA0A9_30', 'battery': 64, 'date': '2024-01-17 13:29:09.801349'}
INFO:root:{'droneId': 19, 'serialNumber': '10AAa0A9_30', 'battery': 100, 'date': '2024-01-17 13:29:09.802345'}
INFO:root:{'droneId': 20, 'serialNumber': '10AAa0aA9_30', 'battery': 100, 'date': '2024-01-17 13:29:09.802345'}
INFO:root:{'droneId': 4, 'serialNumber': 'AAA_3000_ABC_VS-01', 'battery': 100, 'date': '2024-01-17 13:39:09.806406'}
INFO:root:{'droneId': 5, 'serialNumber': 'AAA_3000_ABC_VS-02', 'battery': 100, 'date': '2024-01-17 13:39:09.806406'}
INFO:root:{'droneId': 6, 'serialNumber': 'AAA_3000_ABC_VS-03', 'battery': 90, 'date': '2024-01-17 13:39:09.807412'}
INFO:root:{'droneId': 7, 'serialNumber': 'AAA_3000_ABC_VS-04', 'battery': 90, 'date': '2024-01-17 13:39:09.807412'}
INFO:root:{'droneId': 8, 'serialNumber': 'AAA_3000_ABC_VS-05', 'battery': 20, 'date': '2024-01-17 13:39:09.807412'}
INFO:root:{'droneId': 9, 'serialNumber': 'AAA_3000_ABC_VS-06', 'battery': 45, 'date': '2024-01-17 13:39:09.808400'}
INFO:root:{'droneId': 10, 'serialNumber': 'AAA_3000_ABC_VS-07', 'battery': 0, 'date': '2024-01-17 13:39:09.808400'}
INFO:root:{'droneId': 11, 'serialNumber': 'AAA_3000_ABC_VS-08', 'battery': 75, 'date': '2024-01-17 13:39:09.808400'}
INFO:root:{'droneId': 12, 'serialNumber': 'AAA_3000_ABC_VS-09', 'battery': 26, 'date': '2024-01-17 13:39:09.808400'}
INFO:root:{'droneId': 13, 'serialNumber': 'AAA_3000_ABC_VS-10', 'battery': 64, 'date': '2024-01-17 13:39:09.809398'}
INFO:root:{'droneId': 14, 'serialNumber': '10AAA_3000_ABC_VS-1010AAA_3000_ABC_VS-1010AAA_3000_ABC_VS-1010AAA_3000_ABC_VS-1010AAA_3000_ABC_VS-10', 'battery': 64, 'date': '2024-01-17 13:39:09.809398'}
INFO:root:{'droneId': 15, 'serialNumber': '10AAA_3000_ABC_VS-1010AAA_3000_ABC_VS-1010AAA_3000_ABC_VS-1010AAA_3000_ABC_VS-1010AAA_3000_ABC_VS-1', 'battery': 64, 'date': '2024-01-17 13:39:09.809398'}
INFO:root:{'droneId': 16, 'serialNumber': '10AAA_30', 'battery': 64, 'date': '2024-01-17 13:39:09.810396'}
INFO:root:{'droneId': 17, 'serialNumber': '10AAA9_30', 'battery': 64, 'date': '2024-01-17 13:39:09.810396'}
INFO:root:{'droneId': 18, 'serialNumber': '10AA0A9_30', 'battery': 64, 'date': '2024-01-17 13:39:09.810396'}
INFO:root:{'droneId': 19, 'serialNumber': '10AAa0A9_30', 'battery': 100, 'date': '2024-01-17 13:39:09.811393'}
INFO:root:{'droneId': 20, 'serialNumber': '10AAa0aA9_30', 'battery': 100, 'date': '2024-01-17 13:39:09.811393'}
INFO:root:{'droneId': 4, 'serialNumber': 'AAA_3000_ABC_VS-01', 'battery': 100, 'date': '2024-01-17 13:49:09.829404'}
INFO:root:{'droneId': 5, 'serialNumber': 'AAA_3000_ABC_VS-02', 'battery': 100, 'date': '2024-01-17 13:49:09.830401'}
INFO:root:{'droneId': 6, 'serialNumber': 'AAA_3000_ABC_VS-03', 'battery': 90, 'date': '2024-01-17 13:49:09.830401'}
INFO:root:{'droneId': 7, 'serialNumber': 'AAA_3000_ABC_VS-04', 'battery': 90, 'date': '2024-01-17 13:49:09.830401'}
INFO:root:{'droneId': 8, 'serialNumber': 'AAA_3000_ABC_VS-05', 'battery': 20, 'date': '2024-01-17 13:49:09.830401'}
INFO:root:{'droneId': 9, 'serialNumber': 'AAA_3000_ABC_VS-06', 'battery': 45, 'date': '2024-01-17 13:49:09.831399'}
INFO:root:{'droneId': 10, 'serialNumber': 'AAA_3000_ABC_VS-07', 'battery': 0, 'date': '2024-01-17 13:49:09.831399'}
INFO:root:{'droneId': 11, 'serialNumber': 'AAA_3000_ABC_VS-08', 'battery': 75, 'date': '2024-01-17 13:49:09.831399'}
INFO:root:{'droneId': 12, 'serialNumber': 'AAA_3000_ABC_VS-09', 'battery': 26, 'date': '2024-01-17 13:49:09.831399'}
INFO:root:{'droneId': 13, 'serialNumber': 'AAA_3000_ABC_VS-10', 'battery': 64, 'date': '2024-01-17 13:49:09.832396'}
INFO:root:{'droneId': 14, 'serialNumber': '10AAA_3000_ABC_VS-1010AAA_3000_ABC_VS-1010AAA_3000_ABC_VS-1010AAA_3000_ABC_VS-1010AAA_3000_ABC_VS-10', 'battery': 64, 'date': '2024-01-17 13:49:09.832396'}
INFO:root:{'droneId': 15, 'serialNumber': '10AAA_3000_ABC_VS-1010AAA_3000_ABC_VS-1010AAA_3000_ABC_VS-1010AAA_3000_ABC_VS-1010AAA_3000_ABC_VS-1', 'battery': 64, 'date': '2024-01-17 13:49:09.832396'}
INFO:root:{'droneId': 16, 'serialNumber': '10AAA_30', 'battery': 64, 'date': '2024-01-17 13:49:09.832396'}
INFO:root:{'droneId': 17, 'serialNumber': '10AAA9_30', 'battery': 64, 'date': '2024-01-17 13:49:09.833394'}
INFO:root:{'droneId': 18, 'serialNumber': '10AA0A9_30', 'battery': 64, 'date': '2024-01-17 13:49:09.833394'}
INFO:root:{'droneId': 19, 'serialNumber': '10AAa0A9_30', 'battery': 100, 'date': '2024-01-17 13:49:09.833394'}
INFO:root:{'droneId': 20, 'serialNumber': '10AAa0aA9_30', 'battery': 100, 'date': '2024-01-17 13:49:09.833394'}
INFO:root:{'droneId': 4, 'serialNumber': 'AAA_3000_ABC_VS-01', 'battery': 100, 'date': '2024-01-17 13:59:09.851231'}
INFO:root:{'droneId': 5, 'serialNumber': 'AAA_3000_ABC_VS-02', 'battery': 100, 'date': '2024-01-17 13:59:09.851231'}
INFO:root:{'droneId': 6, 'serialNumber': 'AAA_3000_ABC_VS-03', 'battery': 90, 'date': '2024-01-17 13:59:09.851231'}
INFO:root:{'droneId': 7, 'serialNumber': 'AAA_3000_ABC_VS-04', 'battery': 90, 'date': '2024-01-17 13:59:09.852228'}
INFO:root:{'droneId': 8, 'serialNumber': 'AAA_3000_ABC_VS-05', 'battery': 20, 'date': '2024-01-17 13:59:09.852228'}
INFO:root:{'droneId': 9, 'serialNumber': 'AAA_3000_ABC_VS-06', 'battery': 45, 'date': '2024-01-17 13:59:09.852228'}
INFO:root:{'droneId': 10, 'serialNumber': 'AAA_3000_ABC_VS-07', 'battery': 0, 'date': '2024-01-17 13:59:09.852228'}
INFO:root:{'droneId': 11, 'serialNumber': 'AAA_3000_ABC_VS-08', 'battery': 75, 'date': '2024-01-17 13:59:09.853225'}
INFO:root:{'droneId': 12, 'serialNumber': 'AAA_3000_ABC_VS-09', 'battery': 26, 'date': '2024-01-17 13:59:09.853225'}
INFO:root:{'droneId': 13, 'serialNumber': 'AAA_3000_ABC_VS-10', 'battery': 64, 'date': '2024-01-17 13:59:09.853225'}
INFO:root:{'droneId': 14, 'serialNumber': '10AAA_3000_ABC_VS-1010AAA_3000_ABC_VS-1010AAA_3000_ABC_VS-1010AAA_3000_ABC_VS-1010AAA_3000_ABC_VS-10', 'battery': 64, 'date': '2024-01-17 13:59:09.853225'}
INFO:root:{'droneId': 15, 'serialNumber': '10AAA_3000_ABC_VS-1010AAA_3000_ABC_VS-1010AAA_3000_ABC_VS-1010AAA_3000_ABC_VS-1010AAA_3000_ABC_VS-1', 'battery': 64, 'date': '2024-01-17 13:59:09.854223'}
INFO:root:{'droneId': 16, 'serialNumber': '10AAA_30', 'battery': 64, 'date': '2024-01-17 13:59:09.854223'}
INFO:root:{'droneId': 17, 'serialNumber': '10AAA9_30', 'battery': 64, 'date': '2024-01-17 13:59:09.854223'}
INFO:root:{'droneId': 18, 'serialNumber': '10AA0A9_30', 'battery': 64, 'date': '2024-01-17 13:59:09.854223'}
INFO:root:{'droneId': 19, 'serialNumber': '10AAa0A9_30', 'battery': 100, 'date': '2024-01-17 13:59:09.855220'}
INFO:root:{'droneId': 20, 'serialNumber': '10AAa0aA9_30', 'battery': 100, 'date': '2024-01-17 13:59:09.855220'}
INFO:root:{'droneId': 4, 'serialNumber': 'AAA_3000_ABC_VS-01', 'battery': 100, 'date': '2024-01-17 14:09:09.866773'}
INFO:root:{'droneId': 5, 'serialNumber': 'AAA_3000_ABC_VS-02', 'battery': 100, 'date': '2024-01-17 14:09:09.866773'}
INFO:root:{'droneId': 6, 'serialNumber': 'AAA_3000_ABC_VS-03', 'battery': 90, 'date': '2024-01-17 14:09:09.867772'}
INFO:root:{'droneId': 7, 'serialNumber': 'AAA_3000_ABC_VS-04', 'battery': 90, 'date': '2024-01-17 14:09:09.867772'}
INFO:root:{'droneId': 8, 'serialNumber': 'AAA_3000_ABC_VS-05', 'battery': 20, 'date': '2024-01-17 14:09:09.867772'}
INFO:root:{'droneId': 9, 'serialNumber': 'AAA_3000_ABC_VS-06', 'battery': 45, 'date': '2024-01-17 14:09:09.867772'}
INFO:root:{'droneId': 10, 'serialNumber': 'AAA_3000_ABC_VS-07', 'battery': 0, 'date': '2024-01-17 14:09:09.867772'}
INFO:root:{'droneId': 11, 'serialNumber': 'AAA_3000_ABC_VS-08', 'battery': 75, 'date': '2024-01-17 14:09:09.867772'}
INFO:root:{'droneId': 12, 'serialNumber': 'AAA_3000_ABC_VS-09', 'battery': 26, 'date': '2024-01-17 14:09:09.867772'}
INFO:root:{'droneId': 13, 'serialNumber': 'AAA_3000_ABC_VS-10', 'battery': 64, 'date': '2024-01-17 14:09:09.868849'}
INFO:root:{'droneId': 14, 'serialNumber': '10AAA_3000_ABC_VS-1010AAA_3000_ABC_VS-1010AAA_3000_ABC_VS-1010AAA_3000_ABC_VS-1010AAA_3000_ABC_VS-10', 'battery': 64, 'date': '2024-01-17 14:09:09.868849'}
INFO:root:{'droneId': 15, 'serialNumber': '10AAA_3000_ABC_VS-1010AAA_3000_ABC_VS-1010AAA_3000_ABC_VS-1010AAA_3000_ABC_VS-1010AAA_3000_ABC_VS-1', 'battery': 64, 'date': '2024-01-17 14:09:09.868849'}
INFO:root:{'droneId': 16, 'serialNumber': '10AAA_30', 'battery': 64, 'date': '2024-01-17 14:09:09.868849'}
INFO:root:{'droneId': 17, 'serialNumber': '10AAA9_30', 'battery': 64, 'date': '2024-01-17 14:09:09.868849'}
INFO:root:{'droneId': 18, 'serialNumber': '10AA0A9_30', 'battery': 64, 'date': '2024-01-17 14:09:09.868849'}
INFO:root:{'droneId': 19, 'serialNumber': '10AAa0A9_30', 'battery': 100, 'date': '2024-01-17 14:09:09.869763'}
INFO:root:{'droneId': 20, 'serialNumber': '10AAa0aA9_30', 'battery': 100, 'date': '2024-01-17 14:09:09.869763'}
INFO:root:{'droneId': 4, 'serialNumber': 'AAA_3000_ABC_VS-01', 'battery': 100, 'date': '2024-01-17 14:19:09.883977'}
INFO:root:{'droneId': 5, 'serialNumber': 'AAA_3000_ABC_VS-02', 'battery': 100, 'date': '2024-01-17 14:19:09.883977'}
INFO:root:{'droneId': 6, 'serialNumber': 'AAA_3000_ABC_VS-03', 'battery': 90, 'date': '2024-01-17 14:19:09.885005'}
INFO:root:{'droneId': 7, 'serialNumber': 'AAA_3000_ABC_VS-04', 'battery': 90, 'date': '2024-01-17 14:19:09.885005'}
INFO:root:{'droneId': 8, 'serialNumber': 'AAA_3000_ABC_VS-05', 'battery': 20, 'date': '2024-01-17 14:19:09.885005'}
INFO:root:{'droneId': 9, 'serialNumber': 'AAA_3000_ABC_VS-06', 'battery': 45, 'date': '2024-01-17 14:19:09.885005'}
INFO:root:{'droneId': 10, 'serialNumber': 'AAA_3000_ABC_VS-07', 'battery': 0, 'date': '2024-01-17 14:19:09.885005'}
INFO:root:{'droneId': 11, 'serialNumber': 'AAA_3000_ABC_VS-08', 'battery': 75, 'date': '2024-01-17 14:19:09.885005'}
INFO:root:{'droneId': 12, 'serialNumber': 'AAA_3000_ABC_VS-09', 'battery': 26, 'date': '2024-01-17 14:19:09.885005'}
INFO:root:{'droneId': 13, 'serialNumber': 'AAA_3000_ABC_VS-10', 'battery': 64, 'date': '2024-01-17 14:19:09.885005'}
INFO:root:{'droneId': 14, 'serialNumber': '10AAA_3000_ABC_VS-1010AAA_3000_ABC_VS-1010AAA_3000_ABC_VS-1010AAA_3000_ABC_VS-1010AAA_3000_ABC_VS-10', 'battery': 64, 'date': '2024-01-17 14:19:09.885005'}
INFO:root:{'droneId': 15, 'serialNumber': '10AAA_3000_ABC_VS-1010AAA_3000_ABC_VS-1010AAA_3000_ABC_VS-1010AAA_3000_ABC_VS-1010AAA_3000_ABC_VS-1', 'battery': 64, 'date': '2024-01-17 14:19:09.885005'}
INFO:root:{'droneId': 16, 'serialNumber': '10AAA_30', 'battery': 64, 'date': '2024-01-17 14:19:09.886004'}
INFO:root:{'droneId': 17, 'serialNumber': '10AAA9_30', 'battery': 64, 'date': '2024-01-17 14:19:09.886004'}
INFO:root:{'droneId': 18, 'serialNumber': '10AA0A9_30', 'battery': 64, 'date': '2024-01-17 14:19:09.886004'}
INFO:root:{'droneId': 19, 'serialNumber': '10AAa0A9_30', 'battery': 100, 'date': '2024-01-17 14:19:09.886004'}
INFO:root:{'droneId': 20, 'serialNumber': '10AAa0aA9_30', 'battery': 100, 'date': '2024-01-17 14:19:09.886004'}
INFO:root:{'droneId': 4, 'serialNumber': 'AAA_3000_ABC_VS-01', 'battery': 100, 'date': '2024-01-17 14:29:09.905257'}
INFO:root:{'droneId': 5, 'serialNumber': 'AAA_3000_ABC_VS-02', 'battery': 100, 'date': '2024-01-17 14:29:09.905257'}
INFO:root:{'droneId': 6, 'serialNumber': 'AAA_3000_ABC_VS-03', 'battery': 90, 'date': '2024-01-17 14:29:09.905257'}
INFO:root:{'droneId': 7, 'serialNumber': 'AAA_3000_ABC_VS-04', 'battery': 90, 'date': '2024-01-17 14:29:09.906251'}
INFO:root:{'droneId': 8, 'serialNumber': 'AAA_3000_ABC_VS-05', 'battery': 20, 'date': '2024-01-17 14:29:09.906251'}
INFO:root:{'droneId': 9, 'serialNumber': 'AAA_3000_ABC_VS-06', 'battery': 45, 'date': '2024-01-17 14:29:09.906251'}
INFO:root:{'droneId': 10, 'serialNumber': 'AAA_3000_ABC_VS-07', 'battery': 0, 'date': '2024-01-17 14:29:09.906251'}
INFO:root:{'droneId': 11, 'serialNumber': 'AAA_3000_ABC_VS-08', 'battery': 75, 'date': '2024-01-17 14:29:09.907249'}
INFO:root:{'droneId': 12, 'serialNumber': 'AAA_3000_ABC_VS-09', 'battery': 26, 'date': '2024-01-17 14:29:09.907249'}
INFO:root:{'droneId': 13, 'serialNumber': 'AAA_3000_ABC_VS-10', 'battery': 64, 'date': '2024-01-17 14:29:09.907249'}
INFO:root:{'droneId': 14, 'serialNumber': '10AAA_3000_ABC_VS-1010AAA_3000_ABC_VS-1010AAA_3000_ABC_VS-1010AAA_3000_ABC_VS-1010AAA_3000_ABC_VS-10', 'battery': 64, 'date': '2024-01-17 14:29:09.907249'}
INFO:root:{'droneId': 15, 'serialNumber': '10AAA_3000_ABC_VS-1010AAA_3000_ABC_VS-1010AAA_3000_ABC_VS-1010AAA_3000_ABC_VS-1010AAA_3000_ABC_VS-1', 'battery': 64, 'date': '2024-01-17 14:29:09.907249'}
INFO:root:{'droneId': 16, 'serialNumber': '10AAA_30', 'battery': 64, 'date': '2024-01-17 14:29:09.908248'}
INFO:root:{'droneId': 17, 'serialNumber': '10AAA9_30', 'battery': 64, 'date': '2024-01-17 14:29:09.908248'}
INFO:root:{'droneId': 18, 'serialNumber': '10AA0A9_30', 'battery': 64, 'date': '2024-01-17 14:29:09.908248'}
INFO:root:{'droneId': 19, 'serialNumber': '10AAa0A9_30', 'battery': 100, 'date': '2024-01-17 14:29:09.908248'}
INFO:root:{'droneId': 20, 'serialNumber': '10AAa0aA9_30', 'battery': 100, 'date': '2024-01-17 14:29:09.909243'}
INFO:root:{'droneId': 4, 'serialNumber': 'AAA_3000_ABC_VS-01', 'battery': 100, 'date': '2024-01-17 14:39:09.913585'}
INFO:root:{'droneId': 5, 'serialNumber': 'AAA_3000_ABC_VS-02', 'battery': 100, 'date': '2024-01-17 14:39:09.913585'}
INFO:root:{'droneId': 6, 'serialNumber': 'AAA_3000_ABC_VS-03', 'battery': 90, 'date': '2024-01-17 14:39:09.913585'}
INFO:root:{'droneId': 7, 'serialNumber': 'AAA_3000_ABC_VS-04', 'battery': 90, 'date': '2024-01-17 14:39:09.913585'}
INFO:root:{'droneId': 8, 'serialNumber': 'AAA_3000_ABC_VS-05', 'battery': 20, 'date': '2024-01-17 14:39:09.913585'}
INFO:root:{'droneId': 9, 'serialNumber': 'AAA_3000_ABC_VS-06', 'battery': 45, 'date': '2024-01-17 14:39:09.913585'}
INFO:root:{'droneId': 10, 'serialNumber': 'AAA_3000_ABC_VS-07', 'battery': 0, 'date': '2024-01-17 14:39:09.914582'}
INFO:root:{'droneId': 11, 'serialNumber': 'AAA_3000_ABC_VS-08', 'battery': 75, 'date': '2024-01-17 14:39:09.914582'}
INFO:root:{'droneId': 12, 'serialNumber': 'AAA_3000_ABC_VS-09', 'battery': 26, 'date': '2024-01-17 14:39:09.914582'}
INFO:root:{'droneId': 13, 'serialNumber': 'AAA_3000_ABC_VS-10', 'battery': 64, 'date': '2024-01-17 14:39:09.914582'}
INFO:root:{'droneId': 14, 'serialNumber': '10AAA_3000_ABC_VS-1010AAA_3000_ABC_VS-1010AAA_3000_ABC_VS-1010AAA_3000_ABC_VS-1010AAA_3000_ABC_VS-10', 'battery': 64, 'date': '2024-01-17 14:39:09.914582'}
INFO:root:{'droneId': 15, 'serialNumber': '10AAA_3000_ABC_VS-1010AAA_3000_ABC_VS-1010AAA_3000_ABC_VS-1010AAA_3000_ABC_VS-1010AAA_3000_ABC_VS-1', 'battery': 64, 'date': '2024-01-17 14:39:09.914582'}
INFO:root:{'droneId': 16, 'serialNumber': '10AAA_30', 'battery': 64, 'date': '2024-01-17 14:39:09.914582'}
INFO:root:{'droneId': 17, 'serialNumber': '10AAA9_30', 'battery': 64, 'date': '2024-01-17 14:39:09.914582'}
INFO:root:{'droneId': 18, 'serialNumber': '10AA0A9_30', 'battery': 64, 'date': '2024-01-17 14:39:09.914582'}
INFO:root:{'droneId': 19, 'serialNumber': '10AAa0A9_30', 'battery': 100, 'date': '2024-01-17 14:39:09.915579'}
INFO:root:{'droneId': 20, 'serialNumber': '10AAa0aA9_30', 'battery': 100, 'date': '2024-01-17 14:39:09.915579'}
